Arguments: 
  /usr/local/Cellar/node/9.4.0/bin/node /usr/local/bin/yarn add @babel/babel-core@7.0.0-beta.39 --dev

PATH: 
  /Users/ben/.rvm/gems/ruby-2.3.1/bin:/Users/ben/.rvm/gems/ruby-2.3.1@global/bin:/Users/ben/.rvm/rubies/ruby-2.3.1/bin:/Users/ben/Library/Python/2.7/bin/:/usr/local/bin:/usr/bin:/bin:/usr/sbin:/sbin:/Users/ben/.rvm/bin

Yarn version: 
  1.3.2

Node version: 
  9.4.0

Platform: 
  darwin x64

npm manifest: 
  {
    "name": "serialize-map",
    "version": "0.0.2",
    "main": "index.js",
    "license": "MIT",
    "scripts": {
      "test": "nyc mocha",
      "build": "babel src -d lib"
    },
    "devDependencies": {
      "babel-preset-aws-lambda": "^1.0.2",
      "babel-preset-env": "^1.6.1",
      "chai": "^4.1.2",
      "mocha": "^5.0.0"
    },
    "dependencies": {
      "lodash.topath": "^4.5.2"
    },
    "publishConfig": {
      "registry": "https://registry.npmjs.org/"
    }
  }

yarn manifest: 
  No manifest

Lockfile: 
  # THIS IS AN AUTOGENERATED FILE. DO NOT EDIT THIS FILE DIRECTLY.
  # yarn lockfile v1
  
  
  "@babel/code-frame@7.0.0-beta.39":
    version "7.0.0-beta.39"
    resolved "https://registry.yarnpkg.com/@babel/code-frame/-/code-frame-7.0.0-beta.39.tgz#91c90bb65207fc5a55128cb54956ded39e850457"
    dependencies:
      chalk "^2.0.0"
      esutils "^2.0.2"
      js-tokens "^3.0.0"
  
  "@babel/generator@7.0.0-beta.39":
    version "7.0.0-beta.39"
    resolved "https://registry.yarnpkg.com/@babel/generator/-/generator-7.0.0-beta.39.tgz#d2c9f0a9c47d5ff288f0306aedd0cf89983cb6ed"
    dependencies:
      "@babel/types" "7.0.0-beta.39"
      jsesc "^2.5.1"
      lodash "^4.2.0"
      source-map "^0.5.0"
      trim-right "^1.0.1"
  
  "@babel/helper-annotate-as-pure@7.0.0-beta.39":
    version "7.0.0-beta.39"
    resolved "https://registry.yarnpkg.com/@babel/helper-annotate-as-pure/-/helper-annotate-as-pure-7.0.0-beta.39.tgz#cf9506c721c838806ca5eabe15783507ba2edce0"
    dependencies:
      "@babel/types" "7.0.0-beta.39"
  
  "@babel/helper-builder-binary-assignment-operator-visitor@7.0.0-beta.39":
    version "7.0.0-beta.39"
    resolved "https://registry.yarnpkg.com/@babel/helper-builder-binary-assignment-operator-visitor/-/helper-builder-binary-assignment-operator-visitor-7.0.0-beta.39.tgz#ce97bd572aeb2b2c1200c7a49dba019659a95f3c"
    dependencies:
      "@babel/helper-explode-assignable-expression" "7.0.0-beta.39"
      "@babel/types" "7.0.0-beta.39"
  
  "@babel/helper-call-delegate@7.0.0-beta.39":
    version "7.0.0-beta.39"
    resolved "https://registry.yarnpkg.com/@babel/helper-call-delegate/-/helper-call-delegate-7.0.0-beta.39.tgz#7851645811a4bc3eb7cf5f1c72b1c754d0a5e45d"
    dependencies:
      "@babel/helper-hoist-variables" "7.0.0-beta.39"
      "@babel/traverse" "7.0.0-beta.39"
      "@babel/types" "7.0.0-beta.39"
  
  "@babel/helper-define-map@7.0.0-beta.39":
    version "7.0.0-beta.39"
    resolved "https://registry.yarnpkg.com/@babel/helper-define-map/-/helper-define-map-7.0.0-beta.39.tgz#3da7e7a94a213fde02f936b08dc458f546350caa"
    dependencies:
      "@babel/helper-function-name" "7.0.0-beta.39"
      "@babel/types" "7.0.0-beta.39"
      lodash "^4.2.0"
  
  "@babel/helper-explode-assignable-expression@7.0.0-beta.39":
    version "7.0.0-beta.39"
    resolved "https://registry.yarnpkg.com/@babel/helper-explode-assignable-expression/-/helper-explode-assignable-expression-7.0.0-beta.39.tgz#13d3068b6408b9c191d402df62bd356220884f8f"
    dependencies:
      "@babel/traverse" "7.0.0-beta.39"
      "@babel/types" "7.0.0-beta.39"
  
  "@babel/helper-function-name@7.0.0-beta.39":
    version "7.0.0-beta.39"
    resolved "https://registry.yarnpkg.com/@babel/helper-function-name/-/helper-function-name-7.0.0-beta.39.tgz#34f8ca0c46cdd7056ae706468a8078dab53dbc91"
    dependencies:
      "@babel/helper-get-function-arity" "7.0.0-beta.39"
      "@babel/template" "7.0.0-beta.39"
      "@babel/types" "7.0.0-beta.39"
  
  "@babel/helper-get-function-arity@7.0.0-beta.39":
    version "7.0.0-beta.39"
    resolved "https://registry.yarnpkg.com/@babel/helper-get-function-arity/-/helper-get-function-arity-7.0.0-beta.39.tgz#f542cb644c7866f9335b1ffc0614bbe633bd60ce"
    dependencies:
      "@babel/types" "7.0.0-beta.39"
  
  "@babel/helper-hoist-variables@7.0.0-beta.39":
    version "7.0.0-beta.39"
    resolved "https://registry.yarnpkg.com/@babel/helper-hoist-variables/-/helper-hoist-variables-7.0.0-beta.39.tgz#3a2d4929783ef3445686e768f52bfcf9ffb182b9"
    dependencies:
      "@babel/types" "7.0.0-beta.39"
  
  "@babel/helper-module-imports@7.0.0-beta.39":
    version "7.0.0-beta.39"
    resolved "https://registry.yarnpkg.com/@babel/helper-module-imports/-/helper-module-imports-7.0.0-beta.39.tgz#39e1fd4b8f5982b05417f73250a620070541192e"
    dependencies:
      "@babel/types" "7.0.0-beta.39"
      lodash "^4.2.0"
  
  "@babel/helper-module-transforms@7.0.0-beta.39":
    version "7.0.0-beta.39"
    resolved "https://registry.yarnpkg.com/@babel/helper-module-transforms/-/helper-module-transforms-7.0.0-beta.39.tgz#3ebf72bc2cb6453e9c5930a667496bdfa64bcf5e"
    dependencies:
      "@babel/helper-module-imports" "7.0.0-beta.39"
      "@babel/helper-simple-access" "7.0.0-beta.39"
      "@babel/template" "7.0.0-beta.39"
      "@babel/types" "7.0.0-beta.39"
      lodash "^4.2.0"
  
  "@babel/helper-optimise-call-expression@7.0.0-beta.39":
    version "7.0.0-beta.39"
    resolved "https://registry.yarnpkg.com/@babel/helper-optimise-call-expression/-/helper-optimise-call-expression-7.0.0-beta.39.tgz#2f2c76665fb9128feb0b84a162b3dcaecc53a102"
    dependencies:
      "@babel/types" "7.0.0-beta.39"
  
  "@babel/helper-regex@7.0.0-beta.39":
    version "7.0.0-beta.39"
    resolved "https://registry.yarnpkg.com/@babel/helper-regex/-/helper-regex-7.0.0-beta.39.tgz#852d94c0eedcf1d9b8513cda01f18c4838592c41"
    dependencies:
      lodash "^4.2.0"
  
  "@babel/helper-remap-async-to-generator@7.0.0-beta.39":
    version "7.0.0-beta.39"
    resolved "https://registry.yarnpkg.com/@babel/helper-remap-async-to-generator/-/helper-remap-async-to-generator-7.0.0-beta.39.tgz#64e715ddd24fa60e02dd139acac0d58a55508433"
    dependencies:
      "@babel/helper-annotate-as-pure" "7.0.0-beta.39"
      "@babel/helper-wrap-function" "7.0.0-beta.39"
      "@babel/template" "7.0.0-beta.39"
      "@babel/traverse" "7.0.0-beta.39"
      "@babel/types" "7.0.0-beta.39"
  
  "@babel/helper-replace-supers@7.0.0-beta.39":
    version "7.0.0-beta.39"
    resolved "https://registry.yarnpkg.com/@babel/helper-replace-supers/-/helper-replace-supers-7.0.0-beta.39.tgz#6ddb6167ad18904fd43d9f0df909b90fe09f0569"
    dependencies:
      "@babel/helper-optimise-call-expression" "7.0.0-beta.39"
      "@babel/template" "7.0.0-beta.39"
      "@babel/traverse" "7.0.0-beta.39"
      "@babel/types" "7.0.0-beta.39"
  
  "@babel/helper-simple-access@7.0.0-beta.39":
    version "7.0.0-beta.39"
    resolved "https://registry.yarnpkg.com/@babel/helper-simple-access/-/helper-simple-access-7.0.0-beta.39.tgz#fbe9e70c4fe64e0dbe01e675b2bb97b5f3514d3a"
    dependencies:
      "@babel/template" "7.0.0-beta.39"
      "@babel/types" "7.0.0-beta.39"
      lodash "^4.2.0"
  
  "@babel/helper-wrap-function@7.0.0-beta.39":
    version "7.0.0-beta.39"
    resolved "https://registry.yarnpkg.com/@babel/helper-wrap-function/-/helper-wrap-function-7.0.0-beta.39.tgz#ef4e6ef66791276351b6609545394900552b35c9"
    dependencies:
      "@babel/helper-function-name" "7.0.0-beta.39"
      "@babel/template" "7.0.0-beta.39"
      "@babel/traverse" "7.0.0-beta.39"
      "@babel/types" "7.0.0-beta.39"
  
  "@babel/plugin-proposal-async-generator-functions@7.0.0-beta.39":
    version "7.0.0-beta.39"
    resolved "https://registry.yarnpkg.com/@babel/plugin-proposal-async-generator-functions/-/plugin-proposal-async-generator-functions-7.0.0-beta.39.tgz#ae7fd6686c6709f374d5e531587afabd1fb19042"
    dependencies:
      "@babel/helper-remap-async-to-generator" "7.0.0-beta.39"
      "@babel/plugin-syntax-async-generators" "7.0.0-beta.39"
  
  "@babel/plugin-proposal-object-rest-spread@7.0.0-beta.39", "@babel/plugin-proposal-object-rest-spread@^7.0.0-beta.32":
    version "7.0.0-beta.39"
    resolved "https://registry.yarnpkg.com/@babel/plugin-proposal-object-rest-spread/-/plugin-proposal-object-rest-spread-7.0.0-beta.39.tgz#ea4d6ea974a364028e5074b1abe6505924d179a3"
    dependencies:
      "@babel/plugin-syntax-object-rest-spread" "7.0.0-beta.39"
  
  "@babel/plugin-proposal-optional-catch-binding@7.0.0-beta.39":
    version "7.0.0-beta.39"
    resolved "https://registry.yarnpkg.com/@babel/plugin-proposal-optional-catch-binding/-/plugin-proposal-optional-catch-binding-7.0.0-beta.39.tgz#1335778b3a8fc4289a2cfb518f85c6001ea5d9b4"
    dependencies:
      "@babel/plugin-syntax-optional-catch-binding" "7.0.0-beta.39"
  
  "@babel/plugin-proposal-unicode-property-regex@7.0.0-beta.39":
    version "7.0.0-beta.39"
    resolved "https://registry.yarnpkg.com/@babel/plugin-proposal-unicode-property-regex/-/plugin-proposal-unicode-property-regex-7.0.0-beta.39.tgz#7b6748fb69f767f883838c3bbd2aa4d428c65cff"
    dependencies:
      "@babel/helper-regex" "7.0.0-beta.39"
      regexpu-core "^4.1.3"
  
  "@babel/plugin-syntax-async-generators@7.0.0-beta.39":
    version "7.0.0-beta.39"
    resolved "https://registry.yarnpkg.com/@babel/plugin-syntax-async-generators/-/plugin-syntax-async-generators-7.0.0-beta.39.tgz#ace93b8bb53e256a330b21d78304843fd6d72ab4"
  
  "@babel/plugin-syntax-object-rest-spread@7.0.0-beta.39":
    version "7.0.0-beta.39"
    resolved "https://registry.yarnpkg.com/@babel/plugin-syntax-object-rest-spread/-/plugin-syntax-object-rest-spread-7.0.0-beta.39.tgz#f19f0761ccebf1d579197705e2efda36e1a45545"
  
  "@babel/plugin-syntax-optional-catch-binding@7.0.0-beta.39":
    version "7.0.0-beta.39"
    resolved "https://registry.yarnpkg.com/@babel/plugin-syntax-optional-catch-binding/-/plugin-syntax-optional-catch-binding-7.0.0-beta.39.tgz#b6d3c27d2ceab69cfd132ba19a6d22fd37817fb2"
  
  "@babel/plugin-transform-arrow-functions@7.0.0-beta.39":
    version "7.0.0-beta.39"
    resolved "https://registry.yarnpkg.com/@babel/plugin-transform-arrow-functions/-/plugin-transform-arrow-functions-7.0.0-beta.39.tgz#3e6b577392e009816c62a42fc97af10a95760a89"
  
  "@babel/plugin-transform-async-to-generator@7.0.0-beta.39", "@babel/plugin-transform-async-to-generator@^7.0.0-beta.32":
    version "7.0.0-beta.39"
    resolved "https://registry.yarnpkg.com/@babel/plugin-transform-async-to-generator/-/plugin-transform-async-to-generator-7.0.0-beta.39.tgz#25d05e410b3f6f3106781318e10952cdc10ed9d8"
    dependencies:
      "@babel/helper-module-imports" "7.0.0-beta.39"
      "@babel/helper-remap-async-to-generator" "7.0.0-beta.39"
  
  "@babel/plugin-transform-block-scoped-functions@7.0.0-beta.39":
    version "7.0.0-beta.39"
    resolved "https://registry.yarnpkg.com/@babel/plugin-transform-block-scoped-functions/-/plugin-transform-block-scoped-functions-7.0.0-beta.39.tgz#aa1de36ba07a6c89b581c2c7d838a2821f014778"
  
  "@babel/plugin-transform-block-scoping@7.0.0-beta.39":
    version "7.0.0-beta.39"
    resolved "https://registry.yarnpkg.com/@babel/plugin-transform-block-scoping/-/plugin-transform-block-scoping-7.0.0-beta.39.tgz#44a6f10edc255f600c5616e55f9f48b5fe1ed5d9"
    dependencies:
      lodash "^4.2.0"
  
  "@babel/plugin-transform-classes@7.0.0-beta.39":
    version "7.0.0-beta.39"
    resolved "https://registry.yarnpkg.com/@babel/plugin-transform-classes/-/plugin-transform-classes-7.0.0-beta.39.tgz#fe10e8cbcb6914c2b5cfa072d6ce8d9271f52a9c"
    dependencies:
      "@babel/helper-annotate-as-pure" "7.0.0-beta.39"
      "@babel/helper-define-map" "7.0.0-beta.39"
      "@babel/helper-function-name" "7.0.0-beta.39"
      "@babel/helper-optimise-call-expression" "7.0.0-beta.39"
      "@babel/helper-replace-supers" "7.0.0-beta.39"
      globals "^11.1.0"
  
  "@babel/plugin-transform-computed-properties@7.0.0-beta.39":
    version "7.0.0-beta.39"
    resolved "https://registry.yarnpkg.com/@babel/plugin-transform-computed-properties/-/plugin-transform-computed-properties-7.0.0-beta.39.tgz#7cc5bf14050380adfe7d119be099e6fe56c0a044"
  
  "@babel/plugin-transform-destructuring@7.0.0-beta.39":
    version "7.0.0-beta.39"
    resolved "https://registry.yarnpkg.com/@babel/plugin-transform-destructuring/-/plugin-transform-destructuring-7.0.0-beta.39.tgz#906cf55d8b5cbcd245634a128651397cbe6f0475"
  
  "@babel/plugin-transform-dotall-regex@7.0.0-beta.39":
    version "7.0.0-beta.39"
    resolved "https://registry.yarnpkg.com/@babel/plugin-transform-dotall-regex/-/plugin-transform-dotall-regex-7.0.0-beta.39.tgz#cb403b70bad7f302832bdbc8eeeb53832852ca5d"
    dependencies:
      "@babel/helper-regex" "7.0.0-beta.39"
      regexpu-core "^4.1.3"
  
  "@babel/plugin-transform-duplicate-keys@7.0.0-beta.39":
    version "7.0.0-beta.39"
    resolved "https://registry.yarnpkg.com/@babel/plugin-transform-duplicate-keys/-/plugin-transform-duplicate-keys-7.0.0-beta.39.tgz#5c402995e883d186941e230277df7f89c552f961"
  
  "@babel/plugin-transform-exponentiation-operator@7.0.0-beta.39", "@babel/plugin-transform-exponentiation-operator@^7.0.0-beta.32":
    version "7.0.0-beta.39"
    resolved "https://registry.yarnpkg.com/@babel/plugin-transform-exponentiation-operator/-/plugin-transform-exponentiation-operator-7.0.0-beta.39.tgz#d0115ee85e3d895ead38c6fd149df223bde6e069"
    dependencies:
      "@babel/helper-builder-binary-assignment-operator-visitor" "7.0.0-beta.39"
  
  "@babel/plugin-transform-for-of@7.0.0-beta.39":
    version "7.0.0-beta.39"
    resolved "https://registry.yarnpkg.com/@babel/plugin-transform-for-of/-/plugin-transform-for-of-7.0.0-beta.39.tgz#77d11bcc9a21267c5848511431ad28b1aa1401db"
  
  "@babel/plugin-transform-function-name@7.0.0-beta.39":
    version "7.0.0-beta.39"
    resolved "https://registry.yarnpkg.com/@babel/plugin-transform-function-name/-/plugin-transform-function-name-7.0.0-beta.39.tgz#c677d2cb90462b12fec9ce6e9972524a253340f9"
    dependencies:
      "@babel/helper-function-name" "7.0.0-beta.39"
  
  "@babel/plugin-transform-literals@7.0.0-beta.39":
    version "7.0.0-beta.39"
    resolved "https://registry.yarnpkg.com/@babel/plugin-transform-literals/-/plugin-transform-literals-7.0.0-beta.39.tgz#5c6a097539a5d20cc285e97d785d418d6aad305d"
  
  "@babel/plugin-transform-modules-amd@7.0.0-beta.39":
    version "7.0.0-beta.39"
    resolved "https://registry.yarnpkg.com/@babel/plugin-transform-modules-amd/-/plugin-transform-modules-amd-7.0.0-beta.39.tgz#130bb5c05411d5be7d17ff7d2740058298fa23c3"
    dependencies:
      "@babel/helper-module-transforms" "7.0.0-beta.39"
  
  "@babel/plugin-transform-modules-commonjs@7.0.0-beta.39":
    version "7.0.0-beta.39"
    resolved "https://registry.yarnpkg.com/@babel/plugin-transform-modules-commonjs/-/plugin-transform-modules-commonjs-7.0.0-beta.39.tgz#b946992db6883b633500231950cdbae19dcaf334"
    dependencies:
      "@babel/helper-module-transforms" "7.0.0-beta.39"
      "@babel/helper-simple-access" "7.0.0-beta.39"
  
  "@babel/plugin-transform-modules-systemjs@7.0.0-beta.39":
    version "7.0.0-beta.39"
    resolved "https://registry.yarnpkg.com/@babel/plugin-transform-modules-systemjs/-/plugin-transform-modules-systemjs-7.0.0-beta.39.tgz#3ec4ba068077ac618e106273bb9636b2ee467406"
    dependencies:
      "@babel/helper-hoist-variables" "7.0.0-beta.39"
  
  "@babel/plugin-transform-modules-umd@7.0.0-beta.39":
    version "7.0.0-beta.39"
    resolved "https://registry.yarnpkg.com/@babel/plugin-transform-modules-umd/-/plugin-transform-modules-umd-7.0.0-beta.39.tgz#25a68675091c39a5fbf72e0d76870f3b248d452e"
    dependencies:
      "@babel/helper-module-transforms" "7.0.0-beta.39"
  
  "@babel/plugin-transform-new-target@7.0.0-beta.39":
    version "7.0.0-beta.39"
    resolved "https://registry.yarnpkg.com/@babel/plugin-transform-new-target/-/plugin-transform-new-target-7.0.0-beta.39.tgz#deaf7e20bb67f8b8ea6fdd4b2b4c51867d450c0a"
  
  "@babel/plugin-transform-object-super@7.0.0-beta.39":
    version "7.0.0-beta.39"
    resolved "https://registry.yarnpkg.com/@babel/plugin-transform-object-super/-/plugin-transform-object-super-7.0.0-beta.39.tgz#4db6dfffe5b70bdb068ecc5c69394aef24b85d8d"
    dependencies:
      "@babel/helper-replace-supers" "7.0.0-beta.39"
  
  "@babel/plugin-transform-parameters@7.0.0-beta.39":
    version "7.0.0-beta.39"
    resolved "https://registry.yarnpkg.com/@babel/plugin-transform-parameters/-/plugin-transform-parameters-7.0.0-beta.39.tgz#bcd6f99c7839f52fce3bd05e89841d187f1d4ef8"
    dependencies:
      "@babel/helper-call-delegate" "7.0.0-beta.39"
      "@babel/helper-get-function-arity" "7.0.0-beta.39"
  
  "@babel/plugin-transform-regenerator@7.0.0-beta.39":
    version "7.0.0-beta.39"
    resolved "https://registry.yarnpkg.com/@babel/plugin-transform-regenerator/-/plugin-transform-regenerator-7.0.0-beta.39.tgz#6f85c3ac987824fe037fc83dcda75c4d7502344c"
    dependencies:
      regenerator-transform "^0.12.3"
  
  "@babel/plugin-transform-shorthand-properties@7.0.0-beta.39":
    version "7.0.0-beta.39"
    resolved "https://registry.yarnpkg.com/@babel/plugin-transform-shorthand-properties/-/plugin-transform-shorthand-properties-7.0.0-beta.39.tgz#caa480ecb159481df8e1c405aaac865a54781630"
  
  "@babel/plugin-transform-spread@7.0.0-beta.39":
    version "7.0.0-beta.39"
    resolved "https://registry.yarnpkg.com/@babel/plugin-transform-spread/-/plugin-transform-spread-7.0.0-beta.39.tgz#75358c67a52cc2cc266ea598dc0447e0f4e239d7"
  
  "@babel/plugin-transform-sticky-regex@7.0.0-beta.39":
    version "7.0.0-beta.39"
    resolved "https://registry.yarnpkg.com/@babel/plugin-transform-sticky-regex/-/plugin-transform-sticky-regex-7.0.0-beta.39.tgz#9e989e99efb9dc84928507adb260934f2e336713"
    dependencies:
      "@babel/helper-regex" "7.0.0-beta.39"
  
  "@babel/plugin-transform-template-literals@7.0.0-beta.39":
    version "7.0.0-beta.39"
    resolved "https://registry.yarnpkg.com/@babel/plugin-transform-template-literals/-/plugin-transform-template-literals-7.0.0-beta.39.tgz#65b06d42ed0f04f18aeb45bc7a588db7783cc7d1"
    dependencies:
      "@babel/helper-annotate-as-pure" "7.0.0-beta.39"
  
  "@babel/plugin-transform-typeof-symbol@7.0.0-beta.39":
    version "7.0.0-beta.39"
    resolved "https://registry.yarnpkg.com/@babel/plugin-transform-typeof-symbol/-/plugin-transform-typeof-symbol-7.0.0-beta.39.tgz#ac2134df64e014e864f7678e46770ecd13f604e9"
  
  "@babel/plugin-transform-unicode-regex@7.0.0-beta.39":
    version "7.0.0-beta.39"
    resolved "https://registry.yarnpkg.com/@babel/plugin-transform-unicode-regex/-/plugin-transform-unicode-regex-7.0.0-beta.39.tgz#cbfd3e78bb7ce04597cbde55b177f8b61b6b20b3"
    dependencies:
      "@babel/helper-regex" "7.0.0-beta.39"
      regexpu-core "^4.1.3"
  
  "@babel/preset-env@^7.0.0-beta.32":
    version "7.0.0-beta.39"
    resolved "https://registry.yarnpkg.com/@babel/preset-env/-/preset-env-7.0.0-beta.39.tgz#3977e2d4dc7d196b07bb3bd23fb18bc280b20fa3"
    dependencies:
      "@babel/plugin-proposal-async-generator-functions" "7.0.0-beta.39"
      "@babel/plugin-proposal-object-rest-spread" "7.0.0-beta.39"
      "@babel/plugin-proposal-optional-catch-binding" "7.0.0-beta.39"
      "@babel/plugin-proposal-unicode-property-regex" "7.0.0-beta.39"
      "@babel/plugin-syntax-async-generators" "7.0.0-beta.39"
      "@babel/plugin-syntax-object-rest-spread" "7.0.0-beta.39"
      "@babel/plugin-syntax-optional-catch-binding" "7.0.0-beta.39"
      "@babel/plugin-transform-arrow-functions" "7.0.0-beta.39"
      "@babel/plugin-transform-async-to-generator" "7.0.0-beta.39"
      "@babel/plugin-transform-block-scoped-functions" "7.0.0-beta.39"
      "@babel/plugin-transform-block-scoping" "7.0.0-beta.39"
      "@babel/plugin-transform-classes" "7.0.0-beta.39"
      "@babel/plugin-transform-computed-properties" "7.0.0-beta.39"
      "@babel/plugin-transform-destructuring" "7.0.0-beta.39"
      "@babel/plugin-transform-dotall-regex" "7.0.0-beta.39"
      "@babel/plugin-transform-duplicate-keys" "7.0.0-beta.39"
      "@babel/plugin-transform-exponentiation-operator" "7.0.0-beta.39"
      "@babel/plugin-transform-for-of" "7.0.0-beta.39"
      "@babel/plugin-transform-function-name" "7.0.0-beta.39"
      "@babel/plugin-transform-literals" "7.0.0-beta.39"
      "@babel/plugin-transform-modules-amd" "7.0.0-beta.39"
      "@babel/plugin-transform-modules-commonjs" "7.0.0-beta.39"
      "@babel/plugin-transform-modules-systemjs" "7.0.0-beta.39"
      "@babel/plugin-transform-modules-umd" "7.0.0-beta.39"
      "@babel/plugin-transform-new-target" "7.0.0-beta.39"
      "@babel/plugin-transform-object-super" "7.0.0-beta.39"
      "@babel/plugin-transform-parameters" "7.0.0-beta.39"
      "@babel/plugin-transform-regenerator" "7.0.0-beta.39"
      "@babel/plugin-transform-shorthand-properties" "7.0.0-beta.39"
      "@babel/plugin-transform-spread" "7.0.0-beta.39"
      "@babel/plugin-transform-sticky-regex" "7.0.0-beta.39"
      "@babel/plugin-transform-template-literals" "7.0.0-beta.39"
      "@babel/plugin-transform-typeof-symbol" "7.0.0-beta.39"
      "@babel/plugin-transform-unicode-regex" "7.0.0-beta.39"
      browserslist "^2.4.0"
      invariant "^2.2.2"
      semver "^5.3.0"
  
  "@babel/template@7.0.0-beta.39":
    version "7.0.0-beta.39"
    resolved "https://registry.yarnpkg.com/@babel/template/-/template-7.0.0-beta.39.tgz#98bd7b132d99f73547c473f2862f481ae84981c9"
    dependencies:
      "@babel/code-frame" "7.0.0-beta.39"
      "@babel/types" "7.0.0-beta.39"
      babylon "7.0.0-beta.39"
      lodash "^4.2.0"
  
  "@babel/traverse@7.0.0-beta.39":
    version "7.0.0-beta.39"
    resolved "https://registry.yarnpkg.com/@babel/traverse/-/traverse-7.0.0-beta.39.tgz#ccb5abfb878403a39af249997dd6f36136de7694"
    dependencies:
      "@babel/code-frame" "7.0.0-beta.39"
      "@babel/generator" "7.0.0-beta.39"
      "@babel/helper-function-name" "7.0.0-beta.39"
      "@babel/types" "7.0.0-beta.39"
      babylon "7.0.0-beta.39"
      debug "^3.0.1"
      globals "^11.1.0"
      invariant "^2.2.0"
      lodash "^4.2.0"
  
  "@babel/types@7.0.0-beta.39":
    version "7.0.0-beta.39"
    resolved "https://registry.yarnpkg.com/@babel/types/-/types-7.0.0-beta.39.tgz#2ea0d97efe4781688751edc68cde640d6559938c"
    dependencies:
      esutils "^2.0.2"
      lodash "^4.2.0"
      to-fast-properties "^2.0.0"
  
  ansi-regex@^2.0.0:
    version "2.1.1"
    resolved "https://registry.yarnpkg.com/ansi-regex/-/ansi-regex-2.1.1.tgz#c3b33ab5ee360d86e0e628f0468ae7ef27d654df"
  
  ansi-styles@^2.2.1:
    version "2.2.1"
    resolved "https://registry.yarnpkg.com/ansi-styles/-/ansi-styles-2.2.1.tgz#b432dd3358b634cf75e1e4664368240533c1ddbe"
  
  ansi-styles@^3.2.0:
    version "3.2.0"
    resolved "https://registry.yarnpkg.com/ansi-styles/-/ansi-styles-3.2.0.tgz#c159b8d5be0f9e5a6f346dab94f16ce022161b88"
    dependencies:
      color-convert "^1.9.0"
  
  assertion-error@^1.0.1:
    version "1.1.0"
    resolved "https://registry.yarnpkg.com/assertion-error/-/assertion-error-1.1.0.tgz#e60b6b0e8f301bd97e5375215bda406c85118c0b"
  
  babel-code-frame@^6.26.0:
    version "6.26.0"
    resolved "https://registry.yarnpkg.com/babel-code-frame/-/babel-code-frame-6.26.0.tgz#63fd43f7dc1e3bb7ce35947db8fe369a3f58c74b"
    dependencies:
      chalk "^1.1.3"
      esutils "^2.0.2"
      js-tokens "^3.0.2"
  
  babel-helper-builder-binary-assignment-operator-visitor@^6.24.1:
    version "6.24.1"
    resolved "https://registry.yarnpkg.com/babel-helper-builder-binary-assignment-operator-visitor/-/babel-helper-builder-binary-assignment-operator-visitor-6.24.1.tgz#cce4517ada356f4220bcae8a02c2b346f9a56664"
    dependencies:
      babel-helper-explode-assignable-expression "^6.24.1"
      babel-runtime "^6.22.0"
      babel-types "^6.24.1"
  
  babel-helper-call-delegate@^6.24.1:
    version "6.24.1"
    resolved "https://registry.yarnpkg.com/babel-helper-call-delegate/-/babel-helper-call-delegate-6.24.1.tgz#ece6aacddc76e41c3461f88bfc575bd0daa2df8d"
    dependencies:
      babel-helper-hoist-variables "^6.24.1"
      babel-runtime "^6.22.0"
      babel-traverse "^6.24.1"
      babel-types "^6.24.1"
  
  babel-helper-define-map@^6.24.1:
    version "6.26.0"
    resolved "https://registry.yarnpkg.com/babel-helper-define-map/-/babel-helper-define-map-6.26.0.tgz#a5f56dab41a25f97ecb498c7ebaca9819f95be5f"
    dependencies:
      babel-helper-function-name "^6.24.1"
      babel-runtime "^6.26.0"
      babel-types "^6.26.0"
      lodash "^4.17.4"
  
  babel-helper-explode-assignable-expression@^6.24.1:
    version "6.24.1"
    resolved "https://registry.yarnpkg.com/babel-helper-explode-assignable-expression/-/babel-helper-explode-assignable-expression-6.24.1.tgz#f25b82cf7dc10433c55f70592d5746400ac22caa"
    dependencies:
      babel-runtime "^6.22.0"
      babel-traverse "^6.24.1"
      babel-types "^6.24.1"
  
  babel-helper-function-name@^6.24.1:
    version "6.24.1"
    resolved "https://registry.yarnpkg.com/babel-helper-function-name/-/babel-helper-function-name-6.24.1.tgz#d3475b8c03ed98242a25b48351ab18399d3580a9"
    dependencies:
      babel-helper-get-function-arity "^6.24.1"
      babel-runtime "^6.22.0"
      babel-template "^6.24.1"
      babel-traverse "^6.24.1"
      babel-types "^6.24.1"
  
  babel-helper-get-function-arity@^6.24.1:
    version "6.24.1"
    resolved "https://registry.yarnpkg.com/babel-helper-get-function-arity/-/babel-helper-get-function-arity-6.24.1.tgz#8f7782aa93407c41d3aa50908f89b031b1b6853d"
    dependencies:
      babel-runtime "^6.22.0"
      babel-types "^6.24.1"
  
  babel-helper-hoist-variables@^6.24.1:
    version "6.24.1"
    resolved "https://registry.yarnpkg.com/babel-helper-hoist-variables/-/babel-helper-hoist-variables-6.24.1.tgz#1ecb27689c9d25513eadbc9914a73f5408be7a76"
    dependencies:
      babel-runtime "^6.22.0"
      babel-types "^6.24.1"
  
  babel-helper-optimise-call-expression@^6.24.1:
    version "6.24.1"
    resolved "https://registry.yarnpkg.com/babel-helper-optimise-call-expression/-/babel-helper-optimise-call-expression-6.24.1.tgz#f7a13427ba9f73f8f4fa993c54a97882d1244257"
    dependencies:
      babel-runtime "^6.22.0"
      babel-types "^6.24.1"
  
  babel-helper-regex@^6.24.1:
    version "6.26.0"
    resolved "https://registry.yarnpkg.com/babel-helper-regex/-/babel-helper-regex-6.26.0.tgz#325c59f902f82f24b74faceed0363954f6495e72"
    dependencies:
      babel-runtime "^6.26.0"
      babel-types "^6.26.0"
      lodash "^4.17.4"
  
  babel-helper-remap-async-to-generator@^6.24.1:
    version "6.24.1"
    resolved "https://registry.yarnpkg.com/babel-helper-remap-async-to-generator/-/babel-helper-remap-async-to-generator-6.24.1.tgz#5ec581827ad723fecdd381f1c928390676e4551b"
    dependencies:
      babel-helper-function-name "^6.24.1"
      babel-runtime "^6.22.0"
      babel-template "^6.24.1"
      babel-traverse "^6.24.1"
      babel-types "^6.24.1"
  
  babel-helper-replace-supers@^6.24.1:
    version "6.24.1"
    resolved "https://registry.yarnpkg.com/babel-helper-replace-supers/-/babel-helper-replace-supers-6.24.1.tgz#bf6dbfe43938d17369a213ca8a8bf74b6a90ab1a"
    dependencies:
      babel-helper-optimise-call-expression "^6.24.1"
      babel-messages "^6.23.0"
      babel-runtime "^6.22.0"
      babel-template "^6.24.1"
      babel-traverse "^6.24.1"
      babel-types "^6.24.1"
  
  babel-messages@^6.23.0:
    version "6.23.0"
    resolved "https://registry.yarnpkg.com/babel-messages/-/babel-messages-6.23.0.tgz#f3cdf4703858035b2a2951c6ec5edf6c62f2630e"
    dependencies:
      babel-runtime "^6.22.0"
  
  babel-plugin-check-es2015-constants@^6.22.0:
    version "6.22.0"
    resolved "https://registry.yarnpkg.com/babel-plugin-check-es2015-constants/-/babel-plugin-check-es2015-constants-6.22.0.tgz#35157b101426fd2ffd3da3f75c7d1e91835bbf8a"
    dependencies:
      babel-runtime "^6.22.0"
  
  babel-plugin-syntax-async-functions@^6.8.0:
    version "6.13.0"
    resolved "https://registry.yarnpkg.com/babel-plugin-syntax-async-functions/-/babel-plugin-syntax-async-functions-6.13.0.tgz#cad9cad1191b5ad634bf30ae0872391e0647be95"
  
  babel-plugin-syntax-exponentiation-operator@^6.8.0:
    version "6.13.0"
    resolved "https://registry.yarnpkg.com/babel-plugin-syntax-exponentiation-operator/-/babel-plugin-syntax-exponentiation-operator-6.13.0.tgz#9ee7e8337290da95288201a6a57f4170317830de"
  
  babel-plugin-syntax-trailing-function-commas@^6.22.0:
    version "6.22.0"
    resolved "https://registry.yarnpkg.com/babel-plugin-syntax-trailing-function-commas/-/babel-plugin-syntax-trailing-function-commas-6.22.0.tgz#ba0360937f8d06e40180a43fe0d5616fff532cf3"
  
  babel-plugin-transform-async-to-generator@^6.22.0:
    version "6.24.1"
    resolved "https://registry.yarnpkg.com/babel-plugin-transform-async-to-generator/-/babel-plugin-transform-async-to-generator-6.24.1.tgz#6536e378aff6cb1d5517ac0e40eb3e9fc8d08761"
    dependencies:
      babel-helper-remap-async-to-generator "^6.24.1"
      babel-plugin-syntax-async-functions "^6.8.0"
      babel-runtime "^6.22.0"
  
  babel-plugin-transform-es2015-arrow-functions@^6.22.0:
    version "6.22.0"
    resolved "https://registry.yarnpkg.com/babel-plugin-transform-es2015-arrow-functions/-/babel-plugin-transform-es2015-arrow-functions-6.22.0.tgz#452692cb711d5f79dc7f85e440ce41b9f244d221"
    dependencies:
      babel-runtime "^6.22.0"
  
  babel-plugin-transform-es2015-block-scoped-functions@^6.22.0:
    version "6.22.0"
    resolved "https://registry.yarnpkg.com/babel-plugin-transform-es2015-block-scoped-functions/-/babel-plugin-transform-es2015-block-scoped-functions-6.22.0.tgz#bbc51b49f964d70cb8d8e0b94e820246ce3a6141"
    dependencies:
      babel-runtime "^6.22.0"
  
  babel-plugin-transform-es2015-block-scoping@^6.23.0:
    version "6.26.0"
    resolved "https://registry.yarnpkg.com/babel-plugin-transform-es2015-block-scoping/-/babel-plugin-transform-es2015-block-scoping-6.26.0.tgz#d70f5299c1308d05c12f463813b0a09e73b1895f"
    dependencies:
      babel-runtime "^6.26.0"
      babel-template "^6.26.0"
      babel-traverse "^6.26.0"
      babel-types "^6.26.0"
      lodash "^4.17.4"
  
  babel-plugin-transform-es2015-classes@^6.23.0:
    version "6.24.1"
    resolved "https://registry.yarnpkg.com/babel-plugin-transform-es2015-classes/-/babel-plugin-transform-es2015-classes-6.24.1.tgz#5a4c58a50c9c9461e564b4b2a3bfabc97a2584db"
    dependencies:
      babel-helper-define-map "^6.24.1"
      babel-helper-function-name "^6.24.1"
      babel-helper-optimise-call-expression "^6.24.1"
      babel-helper-replace-supers "^6.24.1"
      babel-messages "^6.23.0"
      babel-runtime "^6.22.0"
      babel-template "^6.24.1"
      babel-traverse "^6.24.1"
      babel-types "^6.24.1"
  
  babel-plugin-transform-es2015-computed-properties@^6.22.0:
    version "6.24.1"
    resolved "https://registry.yarnpkg.com/babel-plugin-transform-es2015-computed-properties/-/babel-plugin-transform-es2015-computed-properties-6.24.1.tgz#6fe2a8d16895d5634f4cd999b6d3480a308159b3"
    dependencies:
      babel-runtime "^6.22.0"
      babel-template "^6.24.1"
  
  babel-plugin-transform-es2015-destructuring@^6.23.0:
    version "6.23.0"
    resolved "https://registry.yarnpkg.com/babel-plugin-transform-es2015-destructuring/-/babel-plugin-transform-es2015-destructuring-6.23.0.tgz#997bb1f1ab967f682d2b0876fe358d60e765c56d"
    dependencies:
      babel-runtime "^6.22.0"
  
  babel-plugin-transform-es2015-duplicate-keys@^6.22.0:
    version "6.24.1"
    resolved "https://registry.yarnpkg.com/babel-plugin-transform-es2015-duplicate-keys/-/babel-plugin-transform-es2015-duplicate-keys-6.24.1.tgz#73eb3d310ca969e3ef9ec91c53741a6f1576423e"
    dependencies:
      babel-runtime "^6.22.0"
      babel-types "^6.24.1"
  
  babel-plugin-transform-es2015-for-of@^6.23.0:
    version "6.23.0"
    resolved "https://registry.yarnpkg.com/babel-plugin-transform-es2015-for-of/-/babel-plugin-transform-es2015-for-of-6.23.0.tgz#f47c95b2b613df1d3ecc2fdb7573623c75248691"
    dependencies:
      babel-runtime "^6.22.0"
  
  babel-plugin-transform-es2015-function-name@^6.22.0:
    version "6.24.1"
    resolved "https://registry.yarnpkg.com/babel-plugin-transform-es2015-function-name/-/babel-plugin-transform-es2015-function-name-6.24.1.tgz#834c89853bc36b1af0f3a4c5dbaa94fd8eacaa8b"
    dependencies:
      babel-helper-function-name "^6.24.1"
      babel-runtime "^6.22.0"
      babel-types "^6.24.1"
  
  babel-plugin-transform-es2015-literals@^6.22.0:
    version "6.22.0"
    resolved "https://registry.yarnpkg.com/babel-plugin-transform-es2015-literals/-/babel-plugin-transform-es2015-literals-6.22.0.tgz#4f54a02d6cd66cf915280019a31d31925377ca2e"
    dependencies:
      babel-runtime "^6.22.0"
  
  babel-plugin-transform-es2015-modules-amd@^6.22.0, babel-plugin-transform-es2015-modules-amd@^6.24.1:
    version "6.24.1"
    resolved "https://registry.yarnpkg.com/babel-plugin-transform-es2015-modules-amd/-/babel-plugin-transform-es2015-modules-amd-6.24.1.tgz#3b3e54017239842d6d19c3011c4bd2f00a00d154"
    dependencies:
      babel-plugin-transform-es2015-modules-commonjs "^6.24.1"
      babel-runtime "^6.22.0"
      babel-template "^6.24.1"
  
  babel-plugin-transform-es2015-modules-commonjs@^6.23.0, babel-plugin-transform-es2015-modules-commonjs@^6.24.1:
    version "6.26.0"
    resolved "https://registry.yarnpkg.com/babel-plugin-transform-es2015-modules-commonjs/-/babel-plugin-transform-es2015-modules-commonjs-6.26.0.tgz#0d8394029b7dc6abe1a97ef181e00758dd2e5d8a"
    dependencies:
      babel-plugin-transform-strict-mode "^6.24.1"
      babel-runtime "^6.26.0"
      babel-template "^6.26.0"
      babel-types "^6.26.0"
  
  babel-plugin-transform-es2015-modules-systemjs@^6.23.0:
    version "6.24.1"
    resolved "https://registry.yarnpkg.com/babel-plugin-transform-es2015-modules-systemjs/-/babel-plugin-transform-es2015-modules-systemjs-6.24.1.tgz#ff89a142b9119a906195f5f106ecf305d9407d23"
    dependencies:
      babel-helper-hoist-variables "^6.24.1"
      babel-runtime "^6.22.0"
      babel-template "^6.24.1"
  
  babel-plugin-transform-es2015-modules-umd@^6.23.0:
    version "6.24.1"
    resolved "https://registry.yarnpkg.com/babel-plugin-transform-es2015-modules-umd/-/babel-plugin-transform-es2015-modules-umd-6.24.1.tgz#ac997e6285cd18ed6176adb607d602344ad38468"
    dependencies:
      babel-plugin-transform-es2015-modules-amd "^6.24.1"
      babel-runtime "^6.22.0"
      babel-template "^6.24.1"
  
  babel-plugin-transform-es2015-object-super@^6.22.0:
    version "6.24.1"
    resolved "https://registry.yarnpkg.com/babel-plugin-transform-es2015-object-super/-/babel-plugin-transform-es2015-object-super-6.24.1.tgz#24cef69ae21cb83a7f8603dad021f572eb278f8d"
    dependencies:
      babel-helper-replace-supers "^6.24.1"
      babel-runtime "^6.22.0"
  
  babel-plugin-transform-es2015-parameters@^6.23.0:
    version "6.24.1"
    resolved "https://registry.yarnpkg.com/babel-plugin-transform-es2015-parameters/-/babel-plugin-transform-es2015-parameters-6.24.1.tgz#57ac351ab49caf14a97cd13b09f66fdf0a625f2b"
    dependencies:
      babel-helper-call-delegate "^6.24.1"
      babel-helper-get-function-arity "^6.24.1"
      babel-runtime "^6.22.0"
      babel-template "^6.24.1"
      babel-traverse "^6.24.1"
      babel-types "^6.24.1"
  
  babel-plugin-transform-es2015-shorthand-properties@^6.22.0:
    version "6.24.1"
    resolved "https://registry.yarnpkg.com/babel-plugin-transform-es2015-shorthand-properties/-/babel-plugin-transform-es2015-shorthand-properties-6.24.1.tgz#24f875d6721c87661bbd99a4622e51f14de38aa0"
    dependencies:
      babel-runtime "^6.22.0"
      babel-types "^6.24.1"
  
  babel-plugin-transform-es2015-spread@^6.22.0:
    version "6.22.0"
    resolved "https://registry.yarnpkg.com/babel-plugin-transform-es2015-spread/-/babel-plugin-transform-es2015-spread-6.22.0.tgz#d6d68a99f89aedc4536c81a542e8dd9f1746f8d1"
    dependencies:
      babel-runtime "^6.22.0"
  
  babel-plugin-transform-es2015-sticky-regex@^6.22.0:
    version "6.24.1"
    resolved "https://registry.yarnpkg.com/babel-plugin-transform-es2015-sticky-regex/-/babel-plugin-transform-es2015-sticky-regex-6.24.1.tgz#00c1cdb1aca71112cdf0cf6126c2ed6b457ccdbc"
    dependencies:
      babel-helper-regex "^6.24.1"
      babel-runtime "^6.22.0"
      babel-types "^6.24.1"
  
  babel-plugin-transform-es2015-template-literals@^6.22.0:
    version "6.22.0"
    resolved "https://registry.yarnpkg.com/babel-plugin-transform-es2015-template-literals/-/babel-plugin-transform-es2015-template-literals-6.22.0.tgz#a84b3450f7e9f8f1f6839d6d687da84bb1236d8d"
    dependencies:
      babel-runtime "^6.22.0"
  
  babel-plugin-transform-es2015-typeof-symbol@^6.23.0:
    version "6.23.0"
    resolved "https://registry.yarnpkg.com/babel-plugin-transform-es2015-typeof-symbol/-/babel-plugin-transform-es2015-typeof-symbol-6.23.0.tgz#dec09f1cddff94b52ac73d505c84df59dcceb372"
    dependencies:
      babel-runtime "^6.22.0"
  
  babel-plugin-transform-es2015-unicode-regex@^6.22.0:
    version "6.24.1"
    resolved "https://registry.yarnpkg.com/babel-plugin-transform-es2015-unicode-regex/-/babel-plugin-transform-es2015-unicode-regex-6.24.1.tgz#d38b12f42ea7323f729387f18a7c5ae1faeb35e9"
    dependencies:
      babel-helper-regex "^6.24.1"
      babel-runtime "^6.22.0"
      regexpu-core "^2.0.0"
  
  babel-plugin-transform-exponentiation-operator@^6.22.0:
    version "6.24.1"
    resolved "https://registry.yarnpkg.com/babel-plugin-transform-exponentiation-operator/-/babel-plugin-transform-exponentiation-operator-6.24.1.tgz#2ab0c9c7f3098fa48907772bb813fe41e8de3a0e"
    dependencies:
      babel-helper-builder-binary-assignment-operator-visitor "^6.24.1"
      babel-plugin-syntax-exponentiation-operator "^6.8.0"
      babel-runtime "^6.22.0"
  
  babel-plugin-transform-regenerator@^6.22.0:
    version "6.26.0"
    resolved "https://registry.yarnpkg.com/babel-plugin-transform-regenerator/-/babel-plugin-transform-regenerator-6.26.0.tgz#e0703696fbde27f0a3efcacf8b4dca2f7b3a8f2f"
    dependencies:
      regenerator-transform "^0.10.0"
  
  babel-plugin-transform-strict-mode@^6.24.1:
    version "6.24.1"
    resolved "https://registry.yarnpkg.com/babel-plugin-transform-strict-mode/-/babel-plugin-transform-strict-mode-6.24.1.tgz#d5faf7aa578a65bbe591cf5edae04a0c67020758"
    dependencies:
      babel-runtime "^6.22.0"
      babel-types "^6.24.1"
  
  babel-preset-aws-lambda@^1.0.2:
    version "1.0.2"
    resolved "https://registry.yarnpkg.com/babel-preset-aws-lambda/-/babel-preset-aws-lambda-1.0.2.tgz#fd11daeb52ed97117e70887aef17917f1a45fcac"
    dependencies:
      "@babel/plugin-proposal-object-rest-spread" "^7.0.0-beta.32"
      "@babel/plugin-transform-async-to-generator" "^7.0.0-beta.32"
      "@babel/plugin-transform-exponentiation-operator" "^7.0.0-beta.32"
      "@babel/preset-env" "^7.0.0-beta.32"
  
  babel-preset-env@^1.6.1:
    version "1.6.1"
    resolved "https://registry.yarnpkg.com/babel-preset-env/-/babel-preset-env-1.6.1.tgz#a18b564cc9b9afdf4aae57ae3c1b0d99188e6f48"
    dependencies:
      babel-plugin-check-es2015-constants "^6.22.0"
      babel-plugin-syntax-trailing-function-commas "^6.22.0"
      babel-plugin-transform-async-to-generator "^6.22.0"
      babel-plugin-transform-es2015-arrow-functions "^6.22.0"
      babel-plugin-transform-es2015-block-scoped-functions "^6.22.0"
      babel-plugin-transform-es2015-block-scoping "^6.23.0"
      babel-plugin-transform-es2015-classes "^6.23.0"
      babel-plugin-transform-es2015-computed-properties "^6.22.0"
      babel-plugin-transform-es2015-destructuring "^6.23.0"
      babel-plugin-transform-es2015-duplicate-keys "^6.22.0"
      babel-plugin-transform-es2015-for-of "^6.23.0"
      babel-plugin-transform-es2015-function-name "^6.22.0"
      babel-plugin-transform-es2015-literals "^6.22.0"
      babel-plugin-transform-es2015-modules-amd "^6.22.0"
      babel-plugin-transform-es2015-modules-commonjs "^6.23.0"
      babel-plugin-transform-es2015-modules-systemjs "^6.23.0"
      babel-plugin-transform-es2015-modules-umd "^6.23.0"
      babel-plugin-transform-es2015-object-super "^6.22.0"
      babel-plugin-transform-es2015-parameters "^6.23.0"
      babel-plugin-transform-es2015-shorthand-properties "^6.22.0"
      babel-plugin-transform-es2015-spread "^6.22.0"
      babel-plugin-transform-es2015-sticky-regex "^6.22.0"
      babel-plugin-transform-es2015-template-literals "^6.22.0"
      babel-plugin-transform-es2015-typeof-symbol "^6.23.0"
      babel-plugin-transform-es2015-unicode-regex "^6.22.0"
      babel-plugin-transform-exponentiation-operator "^6.22.0"
      babel-plugin-transform-regenerator "^6.22.0"
      browserslist "^2.1.2"
      invariant "^2.2.2"
      semver "^5.3.0"
  
  babel-runtime@^6.18.0, babel-runtime@^6.22.0, babel-runtime@^6.26.0:
    version "6.26.0"
    resolved "https://registry.yarnpkg.com/babel-runtime/-/babel-runtime-6.26.0.tgz#965c7058668e82b55d7bfe04ff2337bc8b5647fe"
    dependencies:
      core-js "^2.4.0"
      regenerator-runtime "^0.11.0"
  
  babel-template@^6.24.1, babel-template@^6.26.0:
    version "6.26.0"
    resolved "https://registry.yarnpkg.com/babel-template/-/babel-template-6.26.0.tgz#de03e2d16396b069f46dd9fff8521fb1a0e35e02"
    dependencies:
      babel-runtime "^6.26.0"
      babel-traverse "^6.26.0"
      babel-types "^6.26.0"
      babylon "^6.18.0"
      lodash "^4.17.4"
  
  babel-traverse@^6.24.1, babel-traverse@^6.26.0:
    version "6.26.0"
    resolved "https://registry.yarnpkg.com/babel-traverse/-/babel-traverse-6.26.0.tgz#46a9cbd7edcc62c8e5c064e2d2d8d0f4035766ee"
    dependencies:
      babel-code-frame "^6.26.0"
      babel-messages "^6.23.0"
      babel-runtime "^6.26.0"
      babel-types "^6.26.0"
      babylon "^6.18.0"
      debug "^2.6.8"
      globals "^9.18.0"
      invariant "^2.2.2"
      lodash "^4.17.4"
  
  babel-types@^6.19.0, babel-types@^6.24.1, babel-types@^6.26.0:
    version "6.26.0"
    resolved "https://registry.yarnpkg.com/babel-types/-/babel-types-6.26.0.tgz#a3b073f94ab49eb6fa55cd65227a334380632497"
    dependencies:
      babel-runtime "^6.26.0"
      esutils "^2.0.2"
      lodash "^4.17.4"
      to-fast-properties "^1.0.3"
  
  babylon@7.0.0-beta.39:
    version "7.0.0-beta.39"
    resolved "https://registry.yarnpkg.com/babylon/-/babylon-7.0.0-beta.39.tgz#512833ea788f6570c6db026d743a7565e58d3aeb"
  
  babylon@^6.18.0:
    version "6.18.0"
    resolved "https://registry.yarnpkg.com/babylon/-/babylon-6.18.0.tgz#af2f3b88fa6f5c1e4c634d1a0f8eac4f55b395e3"
  
  balanced-match@^1.0.0:
    version "1.0.0"
    resolved "https://registry.yarnpkg.com/balanced-match/-/balanced-match-1.0.0.tgz#89b4d199ab2bee49de164ea02b89ce462d71b767"
  
  brace-expansion@^1.1.7:
    version "1.1.8"
    resolved "https://registry.yarnpkg.com/brace-expansion/-/brace-expansion-1.1.8.tgz#c07b211c7c952ec1f8efd51a77ef0d1d3990a292"
    dependencies:
      balanced-match "^1.0.0"
      concat-map "0.0.1"
  
  browser-stdout@1.3.0:
    version "1.3.0"
    resolved "https://registry.yarnpkg.com/browser-stdout/-/browser-stdout-1.3.0.tgz#f351d32969d32fa5d7a5567154263d928ae3bd1f"
  
  browserslist@^2.1.2, browserslist@^2.4.0:
    version "2.11.3"
    resolved "https://registry.yarnpkg.com/browserslist/-/browserslist-2.11.3.tgz#fe36167aed1bbcde4827ebfe71347a2cc70b99b2"
    dependencies:
      caniuse-lite "^1.0.30000792"
      electron-to-chromium "^1.3.30"
  
  caniuse-lite@^1.0.30000792:
    version "1.0.30000808"
    resolved "https://registry.yarnpkg.com/caniuse-lite/-/caniuse-lite-1.0.30000808.tgz#7d759b5518529ea08b6705a19e70dbf401628ffc"
  
  chai@^4.1.2:
    version "4.1.2"
    resolved "https://registry.yarnpkg.com/chai/-/chai-4.1.2.tgz#0f64584ba642f0f2ace2806279f4f06ca23ad73c"
    dependencies:
      assertion-error "^1.0.1"
      check-error "^1.0.1"
      deep-eql "^3.0.0"
      get-func-name "^2.0.0"
      pathval "^1.0.0"
      type-detect "^4.0.0"
  
  chalk@^1.1.3:
    version "1.1.3"
    resolved "https://registry.yarnpkg.com/chalk/-/chalk-1.1.3.tgz#a8115c55e4a702fe4d150abd3872822a7e09fc98"
    dependencies:
      ansi-styles "^2.2.1"
      escape-string-regexp "^1.0.2"
      has-ansi "^2.0.0"
      strip-ansi "^3.0.0"
      supports-color "^2.0.0"
  
  chalk@^2.0.0:
    version "2.3.1"
    resolved "https://registry.yarnpkg.com/chalk/-/chalk-2.3.1.tgz#523fe2678aec7b04e8041909292fe8b17059b796"
    dependencies:
      ansi-styles "^3.2.0"
      escape-string-regexp "^1.0.5"
      supports-color "^5.2.0"
  
  check-error@^1.0.1:
    version "1.0.2"
    resolved "https://registry.yarnpkg.com/check-error/-/check-error-1.0.2.tgz#574d312edd88bb5dd8912e9286dd6c0aed4aac82"
  
  color-convert@^1.9.0:
    version "1.9.1"
    resolved "https://registry.yarnpkg.com/color-convert/-/color-convert-1.9.1.tgz#c1261107aeb2f294ebffec9ed9ecad529a6097ed"
    dependencies:
      color-name "^1.1.1"
  
  color-name@^1.1.1:
    version "1.1.3"
    resolved "https://registry.yarnpkg.com/color-name/-/color-name-1.1.3.tgz#a7d0558bd89c42f795dd42328f740831ca53bc25"
  
  commander@2.11.0:
    version "2.11.0"
    resolved "https://registry.yarnpkg.com/commander/-/commander-2.11.0.tgz#157152fd1e7a6c8d98a5b715cf376df928004563"
  
  concat-map@0.0.1:
    version "0.0.1"
    resolved "https://registry.yarnpkg.com/concat-map/-/concat-map-0.0.1.tgz#d8a96bd77fd68df7793a73036a3ba0d5405d477b"
  
  core-js@^2.4.0:
    version "2.5.3"
    resolved "https://registry.yarnpkg.com/core-js/-/core-js-2.5.3.tgz#8acc38345824f16d8365b7c9b4259168e8ed603e"
  
  debug@3.1.0, debug@^3.0.1:
    version "3.1.0"
    resolved "https://registry.yarnpkg.com/debug/-/debug-3.1.0.tgz#5bb5a0672628b64149566ba16819e61518c67261"
    dependencies:
      ms "2.0.0"
  
  debug@^2.6.8:
    version "2.6.9"
    resolved "https://registry.yarnpkg.com/debug/-/debug-2.6.9.tgz#5d128515df134ff327e90a4c93f4e077a536341f"
    dependencies:
      ms "2.0.0"
  
  deep-eql@^3.0.0:
    version "3.0.1"
    resolved "https://registry.yarnpkg.com/deep-eql/-/deep-eql-3.0.1.tgz#dfc9404400ad1c8fe023e7da1df1c147c4b444df"
    dependencies:
      type-detect "^4.0.0"
  
  diff@3.3.1:
    version "3.3.1"
    resolved "https://registry.yarnpkg.com/diff/-/diff-3.3.1.tgz#aa8567a6eed03c531fc89d3f711cd0e5259dec75"
  
  electron-to-chromium@^1.3.30:
    version "1.3.33"
    resolved "https://registry.yarnpkg.com/electron-to-chromium/-/electron-to-chromium-1.3.33.tgz#bf00703d62a7c65238136578c352d6c5c042a545"
  
  escape-string-regexp@1.0.5, escape-string-regexp@^1.0.2, escape-string-regexp@^1.0.5:
    version "1.0.5"
    resolved "https://registry.yarnpkg.com/escape-string-regexp/-/escape-string-regexp-1.0.5.tgz#1b61c0562190a8dff6ae3bb2cf0200ca130b86d4"
  
  esutils@^2.0.2:
    version "2.0.2"
    resolved "https://registry.yarnpkg.com/esutils/-/esutils-2.0.2.tgz#0abf4f1caa5bcb1f7a9d8acc6dea4faaa04bac9b"
  
  fs.realpath@^1.0.0:
    version "1.0.0"
    resolved "https://registry.yarnpkg.com/fs.realpath/-/fs.realpath-1.0.0.tgz#1504ad2523158caa40db4a2787cb01411994ea4f"
  
  get-func-name@^2.0.0:
    version "2.0.0"
    resolved "https://registry.yarnpkg.com/get-func-name/-/get-func-name-2.0.0.tgz#ead774abee72e20409433a066366023dd6887a41"
  
  glob@7.1.2:
    version "7.1.2"
    resolved "https://registry.yarnpkg.com/glob/-/glob-7.1.2.tgz#c19c9df9a028702d678612384a6552404c636d15"
    dependencies:
      fs.realpath "^1.0.0"
      inflight "^1.0.4"
      inherits "2"
      minimatch "^3.0.4"
      once "^1.3.0"
      path-is-absolute "^1.0.0"
  
  globals@^11.1.0:
    version "11.3.0"
    resolved "https://registry.yarnpkg.com/globals/-/globals-11.3.0.tgz#e04fdb7b9796d8adac9c8f64c14837b2313378b0"
  
  globals@^9.18.0:
    version "9.18.0"
    resolved "https://registry.yarnpkg.com/globals/-/globals-9.18.0.tgz#aa3896b3e69b487f17e31ed2143d69a8e30c2d8a"
  
  growl@1.10.3:
    version "1.10.3"
    resolved "https://registry.yarnpkg.com/growl/-/growl-1.10.3.tgz#1926ba90cf3edfe2adb4927f5880bc22c66c790f"
  
  has-ansi@^2.0.0:
    version "2.0.0"
    resolved "https://registry.yarnpkg.com/has-ansi/-/has-ansi-2.0.0.tgz#34f5049ce1ecdf2b0649af3ef24e45ed35416d91"
    dependencies:
      ansi-regex "^2.0.0"
  
  has-flag@^2.0.0:
    version "2.0.0"
    resolved "https://registry.yarnpkg.com/has-flag/-/has-flag-2.0.0.tgz#e8207af1cc7b30d446cc70b734b5e8be18f88d51"
  
  has-flag@^3.0.0:
    version "3.0.0"
    resolved "https://registry.yarnpkg.com/has-flag/-/has-flag-3.0.0.tgz#b5d454dc2199ae225699f3467e5a07f3b955bafd"
  
  he@1.1.1:
    version "1.1.1"
    resolved "https://registry.yarnpkg.com/he/-/he-1.1.1.tgz#93410fd21b009735151f8868c2f271f3427e23fd"
  
  inflight@^1.0.4:
    version "1.0.6"
    resolved "https://registry.yarnpkg.com/inflight/-/inflight-1.0.6.tgz#49bd6331d7d02d0c09bc910a1075ba8165b56df9"
    dependencies:
      once "^1.3.0"
      wrappy "1"
  
  inherits@2:
    version "2.0.3"
    resolved "https://registry.yarnpkg.com/inherits/-/inherits-2.0.3.tgz#633c2c83e3da42a502f52466022480f4208261de"
  
  invariant@^2.2.0, invariant@^2.2.2:
    version "2.2.2"
    resolved "https://registry.yarnpkg.com/invariant/-/invariant-2.2.2.tgz#9e1f56ac0acdb6bf303306f338be3b204ae60360"
    dependencies:
      loose-envify "^1.0.0"
  
  js-tokens@^3.0.0, js-tokens@^3.0.2:
    version "3.0.2"
    resolved "https://registry.yarnpkg.com/js-tokens/-/js-tokens-3.0.2.tgz#9866df395102130e38f7f996bceb65443209c25b"
  
  jsesc@^2.5.1:
    version "2.5.1"
    resolved "https://registry.yarnpkg.com/jsesc/-/jsesc-2.5.1.tgz#e421a2a8e20d6b0819df28908f782526b96dd1fe"
  
  jsesc@~0.5.0:
    version "0.5.0"
    resolved "https://registry.yarnpkg.com/jsesc/-/jsesc-0.5.0.tgz#e7dee66e35d6fc16f710fe91d5cf69f70f08911d"
  
  lodash.topath@^4.5.2:
    version "4.5.2"
    resolved "https://registry.yarnpkg.com/lodash.topath/-/lodash.topath-4.5.2.tgz#3616351f3bba61994a0931989660bd03254fd009"
  
  lodash@^4.17.4, lodash@^4.2.0:
    version "4.17.5"
    resolved "https://registry.yarnpkg.com/lodash/-/lodash-4.17.5.tgz#99a92d65c0272debe8c96b6057bc8fbfa3bed511"
  
  loose-envify@^1.0.0:
    version "1.3.1"
    resolved "https://registry.yarnpkg.com/loose-envify/-/loose-envify-1.3.1.tgz#d1a8ad33fa9ce0e713d65fdd0ac8b748d478c848"
    dependencies:
      js-tokens "^3.0.0"
  
  minimatch@^3.0.4:
    version "3.0.4"
    resolved "https://registry.yarnpkg.com/minimatch/-/minimatch-3.0.4.tgz#5166e286457f03306064be5497e8dbb0c3d32083"
    dependencies:
      brace-expansion "^1.1.7"
  
  minimist@0.0.8:
    version "0.0.8"
    resolved "https://registry.yarnpkg.com/minimist/-/minimist-0.0.8.tgz#857fcabfc3397d2625b8228262e86aa7a011b05d"
  
  mkdirp@0.5.1:
    version "0.5.1"
    resolved "https://registry.yarnpkg.com/mkdirp/-/mkdirp-0.5.1.tgz#30057438eac6cf7f8c4767f38648d6697d75c903"
    dependencies:
      minimist "0.0.8"
  
  mocha@^5.0.0:
    version "5.0.0"
    resolved "https://registry.yarnpkg.com/mocha/-/mocha-5.0.0.tgz#cccac988b0bc5477119cba0e43de7af6d6ad8f4e"
    dependencies:
      browser-stdout "1.3.0"
      commander "2.11.0"
      debug "3.1.0"
      diff "3.3.1"
      escape-string-regexp "1.0.5"
      glob "7.1.2"
      growl "1.10.3"
      he "1.1.1"
      mkdirp "0.5.1"
      supports-color "4.4.0"
  
  ms@2.0.0:
    version "2.0.0"
    resolved "https://registry.yarnpkg.com/ms/-/ms-2.0.0.tgz#5608aeadfc00be6c2901df5f9861788de0d597c8"
  
  once@^1.3.0:
    version "1.4.0"
    resolved "https://registry.yarnpkg.com/once/-/once-1.4.0.tgz#583b1aa775961d4b113ac17d9c50baef9dd76bd1"
    dependencies:
      wrappy "1"
  
  path-is-absolute@^1.0.0:
    version "1.0.1"
    resolved "https://registry.yarnpkg.com/path-is-absolute/-/path-is-absolute-1.0.1.tgz#174b9268735534ffbc7ace6bf53a5a9e1b5c5f5f"
  
  pathval@^1.0.0:
    version "1.1.0"
    resolved "https://registry.yarnpkg.com/pathval/-/pathval-1.1.0.tgz#b942e6d4bde653005ef6b71361def8727d0645e0"
  
  private@^0.1.6:
    version "0.1.8"
    resolved "https://registry.yarnpkg.com/private/-/private-0.1.8.tgz#2381edb3689f7a53d653190060fcf822d2f368ff"
  
  regenerate-unicode-properties@^5.1.1:
    version "5.1.3"
    resolved "https://registry.yarnpkg.com/regenerate-unicode-properties/-/regenerate-unicode-properties-5.1.3.tgz#54f5891543468f36f2274b67c6bc4c033c27b308"
    dependencies:
      regenerate "^1.3.3"
  
  regenerate@^1.2.1, regenerate@^1.3.3:
    version "1.3.3"
    resolved "https://registry.yarnpkg.com/regenerate/-/regenerate-1.3.3.tgz#0c336d3980553d755c39b586ae3b20aa49c82b7f"
  
  regenerator-runtime@^0.11.0:
    version "0.11.1"
    resolved "https://registry.yarnpkg.com/regenerator-runtime/-/regenerator-runtime-0.11.1.tgz#be05ad7f9bf7d22e056f9726cee5017fbf19e2e9"
  
  regenerator-transform@^0.10.0:
    version "0.10.1"
    resolved "https://registry.yarnpkg.com/regenerator-transform/-/regenerator-transform-0.10.1.tgz#1e4996837231da8b7f3cf4114d71b5691a0680dd"
    dependencies:
      babel-runtime "^6.18.0"
      babel-types "^6.19.0"
      private "^0.1.6"
  
  regenerator-transform@^0.12.3:
    version "0.12.3"
    resolved "https://registry.yarnpkg.com/regenerator-transform/-/regenerator-transform-0.12.3.tgz#459adfb64f6a27164ab991b7873f45ab969eca8b"
    dependencies:
      private "^0.1.6"
  
  regexpu-core@^2.0.0:
    version "2.0.0"
    resolved "https://registry.yarnpkg.com/regexpu-core/-/regexpu-core-2.0.0.tgz#49d038837b8dcf8bfa5b9a42139938e6ea2ae240"
    dependencies:
      regenerate "^1.2.1"
      regjsgen "^0.2.0"
      regjsparser "^0.1.4"
  
  regexpu-core@^4.1.3:
    version "4.1.3"
    resolved "https://registry.yarnpkg.com/regexpu-core/-/regexpu-core-4.1.3.tgz#fb81616dbbc2a917a7419b33f8379144f51eb8d0"
    dependencies:
      regenerate "^1.3.3"
      regenerate-unicode-properties "^5.1.1"
      regjsgen "^0.3.0"
      regjsparser "^0.2.1"
      unicode-match-property-ecmascript "^1.0.3"
      unicode-match-property-value-ecmascript "^1.0.1"
  
  regjsgen@^0.2.0:
    version "0.2.0"
    resolved "https://registry.yarnpkg.com/regjsgen/-/regjsgen-0.2.0.tgz#6c016adeac554f75823fe37ac05b92d5a4edb1f7"
  
  regjsgen@^0.3.0:
    version "0.3.0"
    resolved "https://registry.yarnpkg.com/regjsgen/-/regjsgen-0.3.0.tgz#0ee4a3e9276430cda25f1e789ea6c15b87b0cb43"
  
  regjsparser@^0.1.4:
    version "0.1.5"
    resolved "https://registry.yarnpkg.com/regjsparser/-/regjsparser-0.1.5.tgz#7ee8f84dc6fa792d3fd0ae228d24bd949ead205c"
    dependencies:
      jsesc "~0.5.0"
  
  regjsparser@^0.2.1:
    version "0.2.1"
    resolved "https://registry.yarnpkg.com/regjsparser/-/regjsparser-0.2.1.tgz#c3787553faf04e775c302102ef346d995000ec1c"
    dependencies:
      jsesc "~0.5.0"
  
  semver@^5.3.0:
    version "5.5.0"
    resolved "https://registry.yarnpkg.com/semver/-/semver-5.5.0.tgz#dc4bbc7a6ca9d916dee5d43516f0092b58f7b8ab"
  
  source-map@^0.5.0:
    version "0.5.7"
    resolved "https://registry.yarnpkg.com/source-map/-/source-map-0.5.7.tgz#8a039d2d1021d22d1ea14c80d8ea468ba2ef3fcc"
  
  strip-ansi@^3.0.0:
    version "3.0.1"
    resolved "https://registry.yarnpkg.com/strip-ansi/-/strip-ansi-3.0.1.tgz#6a385fb8853d952d5ff05d0e8aaf94278dc63dcf"
    dependencies:
      ansi-regex "^2.0.0"
  
  supports-color@4.4.0:
    version "4.4.0"
    resolved "https://registry.yarnpkg.com/supports-color/-/supports-color-4.4.0.tgz#883f7ddabc165142b2a61427f3352ded195d1a3e"
    dependencies:
      has-flag "^2.0.0"
  
  supports-color@^2.0.0:
    version "2.0.0"
    resolved "https://registry.yarnpkg.com/supports-color/-/supports-color-2.0.0.tgz#535d045ce6b6363fa40117084629995e9df324c7"
  
  supports-color@^5.2.0:
    version "5.2.0"
    resolved "https://registry.yarnpkg.com/supports-color/-/supports-color-5.2.0.tgz#b0d5333b1184dd3666cbe5aa0b45c5ac7ac17a4a"
    dependencies:
      has-flag "^3.0.0"
  
  to-fast-properties@^1.0.3:
    version "1.0.3"
    resolved "https://registry.yarnpkg.com/to-fast-properties/-/to-fast-properties-1.0.3.tgz#b83571fa4d8c25b82e231b06e3a3055de4ca1a47"
  
  to-fast-properties@^2.0.0:
    version "2.0.0"
    resolved "https://registry.yarnpkg.com/to-fast-properties/-/to-fast-properties-2.0.0.tgz#dc5e698cbd079265bc73e0377681a4e4e83f616e"
  
  trim-right@^1.0.1:
    version "1.0.1"
    resolved "https://registry.yarnpkg.com/trim-right/-/trim-right-1.0.1.tgz#cb2e1203067e0c8de1f614094b9fe45704ea6003"
  
  type-detect@^4.0.0:
    version "4.0.8"
    resolved "https://registry.yarnpkg.com/type-detect/-/type-detect-4.0.8.tgz#7646fb5f18871cfbb7749e69bd39a6388eb7450c"
  
  unicode-canonical-property-names-ecmascript@^1.0.2:
    version "1.0.3"
    resolved "https://registry.yarnpkg.com/unicode-canonical-property-names-ecmascript/-/unicode-canonical-property-names-ecmascript-1.0.3.tgz#f6119f417467593c0086357c85546b6ad5abc583"
  
  unicode-match-property-ecmascript@^1.0.3:
    version "1.0.3"
    resolved "https://registry.yarnpkg.com/unicode-match-property-ecmascript/-/unicode-match-property-ecmascript-1.0.3.tgz#db9b1cb4ffc67e0c5583780b1b59370e4cbe97b9"
    dependencies:
      unicode-canonical-property-names-ecmascript "^1.0.2"
      unicode-property-aliases-ecmascript "^1.0.3"
  
  unicode-match-property-value-ecmascript@^1.0.1:
    version "1.0.1"
    resolved "https://registry.yarnpkg.com/unicode-match-property-value-ecmascript/-/unicode-match-property-value-ecmascript-1.0.1.tgz#fea059120a016f403afd3bf586162b4db03e0604"
  
  unicode-property-aliases-ecmascript@^1.0.3:
    version "1.0.3"
    resolved "https://registry.yarnpkg.com/unicode-property-aliases-ecmascript/-/unicode-property-aliases-ecmascript-1.0.3.tgz#ac3522583b9e630580f916635333e00c5ead690d"
  
  wrappy@1:
    version "1.0.2"
    resolved "https://registry.yarnpkg.com/wrappy/-/wrappy-1.0.2.tgz#b5243d8f3ec1aa35f1364605bc0d1036e30ab69f"

Trace: 
  Error: https://registry.yarnpkg.com/@babel%2fbabel-core: Not found
      at Request.params.callback [as _callback] (/usr/local/lib/node_modules/yarn/lib/cli.js:62098:18)
      at Request.self.callback (/usr/local/lib/node_modules/yarn/lib/cli.js:123085:22)
      at Request.emit (events.js:160:13)
      at Request.<anonymous> (/usr/local/lib/node_modules/yarn/lib/cli.js:124068:10)
      at Request.emit (events.js:160:13)
      at IncomingMessage.<anonymous> (/usr/local/lib/node_modules/yarn/lib/cli.js:123988:12)
      at Object.onceWrapper (events.js:255:19)
      at IncomingMessage.emit (events.js:165:20)
      at endReadableNT (_stream_readable.js:1101:12)
      at process._tickCallback (internal/process/next_tick.js:152:19)
